SF:lib/features/beneficiary/presentation/beneficiaries_list_cubit/beneficiaries_list_cubit.dart
DA:16,0
DA:17,0
DA:18,0
DA:19,0
DA:20,0
DA:21,0
DA:22,0
DA:30,0
DA:31,0
DA:32,0
DA:35,0
DA:36,0
DA:37,0
DA:39,0
DA:40,0
DA:44,0
DA:45,0
DA:48,0
DA:49,0
DA:52,0
DA:53,0
DA:54,0
DA:59,0
DA:60,0
DA:64,0
DA:65,0
DA:66,0
DA:68,0
DA:69,0
DA:70,0
DA:71,0
DA:75,0
DA:76,0
DA:77,0
DA:78,0
DA:81,0
DA:82,0
DA:83,0
DA:84,0
DA:85,0
DA:86,0
DA:93,0
DA:94,0
DA:97,0
DA:98,0
DA:99,0
DA:102,0
DA:103,0
DA:106,0
DA:110,0
DA:111,0
DA:112,0
DA:113,0
DA:116,0
DA:117,0
DA:122,0
DA:123,0
DA:127,0
DA:128,0
DA:129,0
DA:130,0
DA:132,0
DA:135,0
DA:139,0
DA:140,0
DA:143,0
DA:145,0
DA:146,0
DA:147,0
DA:150,0
DA:151,0
DA:152,0
DA:153,0
DA:157,0
DA:158,0
DA:159,0
DA:161,0
LF:77
LH:0
end_of_record
SF:lib/features/home/data/model/top_up_options.dart
DA:4,1
DA:6,0
DA:7,0
LF:3
LH:1
end_of_record
SF:lib/features/home/domain/usecase/get_top_up_option_list_usecase.dart
DA:12,0
DA:14,0
DA:16,0
LF:3
LH:0
end_of_record
SF:lib/features/home/presentation/home_cubit/home_cubit.dart
DA:20,3
DA:21,3
DA:22,2
DA:23,0
DA:24,0
DA:31,0
DA:33,0
DA:36,0
DA:37,0
DA:38,0
DA:41,0
DA:42,0
DA:43,0
DA:44,0
DA:45,0
DA:49,0
DA:53,0
DA:54,0
DA:56,0
DA:59,0
DA:63,0
DA:70,0
DA:71,0
DA:73,0
DA:76,0
DA:80,0
DA:81,0
DA:85,0
DA:86,0
DA:89,0
DA:90,0
DA:92,0
DA:96,0
DA:98,0
DA:99,0
DA:100,0
DA:104,0
DA:105,0
DA:106,0
DA:107,0
DA:108,0
DA:109,0
DA:110,0
DA:116,0
DA:117,0
DA:120,0
DA:121,0
DA:122,0
DA:126,0
DA:127,0
LF:50
LH:3
end_of_record
SF:lib/features/home/presentation/home_cubit/home_state.dart
DA:18,0
DA:28,1
DA:34,1
DA:35,1
DA:37,0
DA:46,0
DA:47,0
DA:48,0
DA:49,0
DA:50,0
DA:51,0
DA:52,0
DA:53,0
LF:13
LH:3
end_of_record
SF:lib/core/data/datasource/base_local_datasource.dart
DA:25,0
DA:27,0
DA:29,0
DA:32,0
DA:33,0
DA:35,0
DA:38,0
DA:42,0
DA:47,0
LF:9
LH:0
end_of_record
SF:lib/core/utils/failures/local_storage/local_storage_failure.dart
DA:8,0
DA:12,0
DA:16,0
LF:3
LH:0
end_of_record
SF:lib/core/data/datasource/base_remote_datasource.dart
DA:50,0
DA:52,0
DA:61,0
DA:63,0
DA:65,0
DA:69,0
DA:70,0
DA:71,0
DA:78,0
DA:87,0
DA:89,0
DA:92,0
DA:96,0
DA:97,0
DA:98,0
DA:105,0
DA:116,0
DA:119,0
DA:122,0
DA:125,0
DA:129,0
DA:130,0
DA:131,0
DA:138,0
DA:148,0
DA:151,0
DA:154,0
DA:158,0
DA:159,0
DA:160,0
LF:30
LH:0
end_of_record
SF:lib/core/utils/failures/base_failure.dart
DA:2,2
LF:1
LH:1
end_of_record
SF:lib/core/utils/failures/http/http_failure.dart
DA:4,2
DA:8,1
DA:14,0
DA:18,1
DA:22,1
DA:26,0
DA:30,0
DA:34,0
DA:38,1
DA:42,1
DA:46,0
LF:11
LH:6
end_of_record
SF:lib/core/data/model/base_response_model.dart
DA:9,0
DA:13,0
DA:14,0
DA:15,0
DA:16,0
DA:17,0
DA:21,0
DA:23,0
DA:26,0
LF:9
LH:0
end_of_record
SF:lib/core/data/datasource/theme_local_datasource.dart
DA:18,0
DA:20,0
DA:22,0
DA:30,0
DA:32,0
DA:33,0
DA:34,0
DA:37,0
LF:8
LH:0
end_of_record
SF:lib/core/data/model/error/error_model.dart
DA:2,0
DA:14,0
DA:21,0
DA:22,0
DA:23,0
DA:24,0
DA:25,0
DA:26,0
DA:29,0
DA:30,0
DA:31,0
DA:32,0
DA:33,0
DA:34,0
DA:36,0
DA:37,0
DA:38,0
DA:39,0
DA:40,0
DA:43,0
DA:45,0
DA:50,0
DA:51,0
DA:52,0
DA:53,0
DA:54,0
DA:58,0
DA:60,0
DA:64,0
DA:70,0
DA:74,0
DA:75,0
DA:76,0
DA:79,0
DA:80,0
DA:81,0
DA:82,0
DA:83,0
DA:84,0
DA:87,0
DA:89,0
LF:41
LH:0
end_of_record
SF:lib/core/data/repository/device_repository.dart
DA:6,0
DA:8,0
LF:2
LH:0
end_of_record
SF:lib/core/domain/usecase/usecase.dart
DA:6,0
LF:1
LH:0
end_of_record
SF:lib/core/presentation/blocs/authentication/authentication_cubit.dart
DA:15,0
DA:16,0
DA:17,0
DA:18,0
DA:22,0
DA:23,0
DA:26,0
DA:27,0
LF:8
LH:0
end_of_record
SF:lib/core/presentation/blocs/authentication/authentication_state.dart
DA:7,1
DA:9,0
DA:10,0
DA:13,0
DA:14,0
LF:5
LH:1
end_of_record
SF:lib/core/utils/handler/auth_handler.dart
DA:11,0
DA:13,0
DA:14,0
DA:17,0
DA:18,0
LF:5
LH:0
end_of_record
SF:lib/core/presentation/blocs/theme_bloc/theme_bloc.dart
DA:14,0
DA:15,0
DA:18,0
DA:19,0
DA:21,0
DA:22,0
DA:23,0
DA:25,0
DA:27,0
DA:28,0
DA:29,0
DA:31,0
DA:32,0
LF:13
LH:0
end_of_record
SF:lib/core/presentation/blocs/theme_bloc/theme_event.dart
DA:5,0
LF:1
LH:0
end_of_record
SF:lib/core/presentation/blocs/theme_bloc/theme_state.dart
DA:8,0
DA:12,0
DA:16,0
LF:3
LH:0
end_of_record
SF:lib/core/utils/dio_intercepter.dart
DA:11,0
DA:13,0
DA:16,0
DA:17,0
DA:18,0
DA:20,0
DA:24,0
DA:28,0
DA:29,0
DA:31,0
DA:32,0
DA:33,0
DA:34,0
DA:35,0
DA:36,0
DA:37,0
DA:40,0
DA:41,0
DA:42,0
DA:43,0
DA:45,0
DA:46,0
DA:47,0
DA:48,0
DA:49,0
DA:50,0
DA:51,0
DA:53,0
DA:55,0
DA:56,0
DA:58,0
DA:59,0
DA:61,0
DA:63,0
DA:66,0
DA:67,0
DA:68,0
DA:78,0
DA:80,0
DA:81,0
DA:83,0
DA:84,0
DA:86,0
DA:89,0
LF:44
LH:0
end_of_record
SF:lib/core/utils/service/top_up_validator.dart
DA:11,0
DA:16,0
DA:18,0
DA:19,0
DA:20,0
DA:24,0
DA:25,0
DA:26,0
DA:29,0
DA:33,0
DA:34,0
DA:35,0
DA:36,0
LF:13
LH:0
end_of_record
SF:lib/features/beneficiary/data/model/beneficiaryModel.dart
DA:10,0
DA:18,0
DA:19,0
DA:20,0
DA:21,0
DA:22,0
DA:23,0
DA:24,0
DA:25,0
DA:26,0
DA:30,0
DA:31,0
DA:32,0
DA:33,0
DA:34,0
DA:35,0
DA:38,0
DA:39,0
DA:40,0
DA:41,0
DA:42,0
DA:45,0
DA:52,0
DA:53,0
DA:54,0
DA:55,0
DA:56,0
DA:57,0
DA:61,0
DA:64,0
DA:65,0
DA:66,0
DA:68,0
DA:69,0
LF:34
LH:0
end_of_record
SF:lib/features/beneficiary/data/model/user_model.dart
DA:12,0
DA:21,0
DA:22,0
DA:23,0
DA:24,0
DA:25,0
DA:26,0
DA:27,0
DA:29,0
DA:30,0
DA:31,0
DA:32,0
DA:36,0
DA:37,0
DA:38,0
DA:39,0
DA:40,0
DA:42,0
DA:43,0
DA:44,0
DA:45,0
DA:49,0
DA:50,0
DA:51,0
DA:52,0
DA:53,0
DA:54,0
DA:55,0
DA:58,0
DA:66,0
DA:67,0
DA:68,0
DA:69,0
DA:70,0
DA:71,0
DA:72,0
LF:36
LH:0
end_of_record
SF:lib/di/modules/injectable_module.dart
DA:14,0
DA:15,0
DA:18,0
DA:20,0
DA:22,0
DA:24,0
DA:25,0
DA:26,0
DA:30,0
DA:32,0
DA:44,0
DA:45,0
DA:51,0
DA:53,0
DA:59,0
LF:15
LH:0
end_of_record
SF:lib/features/beneficiary/data/remote_datasource/beneficiary_remote_datasource_impl.dart
DA:21,0
DA:23,0
DA:31,0
DA:35,0
DA:36,0
DA:47,0
DA:49,0
DA:53,0
DA:62,0
DA:66,0
DA:67,0
DA:68,0
DA:69,0
DA:70,0
DA:71,0
DA:76,0
DA:78,0
DA:82,0
DA:91,0
DA:95,0
DA:96,0
DA:97,0
DA:98,0
DA:99,0
DA:100,0
DA:105,0
DA:107,0
DA:111,0
DA:113,0
DA:117,0
DA:121,0
DA:122,0
DA:123,0
DA:129,0
DA:135,0
DA:145,0
DA:147,0
DA:148,0
DA:152,0
DA:156,0
DA:160,0
DA:161,0
DA:162,0
DA:163,0
DA:164,0
DA:165,0
DA:170,0
DA:172,0
LF:48
LH:0
end_of_record
SF:lib/features/beneficiary/data/repository/beneficiary_repository_impl.dart
DA:12,0
DA:14,0
DA:16,0
DA:17,0
DA:20,0
DA:22,0
DA:23,0
DA:26,0
DA:28,0
DA:29,0
DA:31,0
DA:33,0
DA:34,0
DA:36,0
DA:38,0
DA:39,0
LF:16
LH:0
end_of_record
SF:lib/features/beneficiary/domain/usecase/active_beneficiary_usecase.dart
DA:12,0
DA:14,0
DA:16,0
LF:3
LH:0
end_of_record
SF:lib/features/beneficiary/domain/usecase/add_beneficiary_usecase.dart
DA:12,0
DA:14,0
DA:16,0
LF:3
LH:0
end_of_record
SF:lib/features/beneficiary/domain/usecase/delete_beneficiary_usecase.dart
DA:12,0
DA:14,0
DA:16,0
LF:3
LH:0
end_of_record
SF:lib/features/beneficiary/domain/usecase/get_beneficiaries_list_usecase.dart
DA:12,0
DA:14,0
DA:16,0
LF:3
LH:0
end_of_record
SF:lib/features/beneficiary/domain/usecase/get_user_usecase.dart
DA:11,0
DA:13,0
DA:15,0
LF:3
LH:0
end_of_record
SF:lib/features/home/data/remote_datasource/home_remote_datasource_impl.dart
DA:15,0
DA:17,0
DA:19,0
DA:23,0
DA:24,0
DA:25,0
DA:26,0
DA:27,0
DA:28,0
DA:29,0
DA:30,0
DA:31,0
DA:32,0
DA:33,0
DA:38,0
DA:40,0
DA:41,0
DA:45,0
DA:47,0
DA:49,0
DA:53,0
DA:56,0
DA:58,0
LF:23
LH:0
end_of_record
SF:lib/features/home/data/repository/home_repository_impl.dart
DA:12,0
DA:14,0
DA:16,0
DA:17,0
DA:20,0
DA:22,0
LF:6
LH:0
end_of_record
SF:lib/features/home/domain/usecase/perform_topup_usecase.dart
DA:12,0
DA:14,0
DA:16,0
LF:3
LH:0
end_of_record
SF:lib/di/injection.dart
DA:6,3
DA:8,0
DA:10,0
DA:13,0
DA:14,0
LF:5
LH:1
end_of_record
SF:lib/features/home/data/model/top_up_model.dart
DA:5,0
DA:7,0
DA:8,0
DA:9,0
DA:10,0
DA:14,0
DA:15,0
DA:16,0
LF:8
LH:0
end_of_record
SF:lib/features/beneficiary/presentation/beneficiaries_list_cubit/beneficiaries_list_state.dart
DA:14,0
DA:21,0
DA:25,0
DA:27,0
DA:33,0
DA:34,0
DA:35,0
DA:36,0
DA:37,0
LF:9
LH:0
end_of_record
SF:lib/features/home/domain/params/top_up_params.dart
DA:5,0
DA:7,0
DA:8,0
LF:3
LH:0
end_of_record
